<?xml version="1.0" encoding="UTF-8"?>
<!-- Generated by org.testng.reporters.JUnitReportReporter -->
<testsuite skipped="0" hostname="DESKTOP-SFIF1J7" name="com.OrangeHRM.TestCases.ForgetPasswordTestCases" tests="4" failures="0" timestamp="2022-04-21T00:23:20 IST" time="3.780" errors="0">
  <testcase name="TestCaselinkfrgtpassword" time="1.210" classname="com.OrangeHRM.TestCases.ForgetPasswordTestCases"/>
  <system-out/>
  <testcase name="TestCaseRestvalid" time="0.987" classname="com.OrangeHRM.TestCases.ForgetPasswordTestCases"/>
  <system-out/>
  <testcase name="TestCaseRestInvalid" time="0.746" classname="com.OrangeHRM.TestCases.ForgetPasswordTestCases"/>
  <system-out/>
  <testcase name="TestCaseRestcancel" time="0.837" classname="com.OrangeHRM.TestCases.ForgetPasswordTestCases"/>
  <system-out/>
</testsuite> <!-- com.OrangeHRM.TestCases.ForgetPasswordTestCases -->
