<?xml version="1.0" encoding="UTF-8"?>
<!-- Generated by org.testng.reporters.JUnitReportReporter -->
<testsuite skipped="0" hostname="DESKTOP-SFIF1J7" name="com.OrangeHRM.TestCases.LogInpageTestCases" tests="2" failures="0" timestamp="2022-04-21T00:23:20 IST" time="5.135" errors="0">
  <testcase name="TestCaseInvalid" time="2.478" classname="com.OrangeHRM.TestCases.LogInpageTestCases"/>
  <system-out/>
  <testcase name="TestCaseValid" time="2.657" classname="com.OrangeHRM.TestCases.LogInpageTestCases"/>
  <system-out/>
</testsuite> <!-- com.OrangeHRM.TestCases.LogInpageTestCases -->
