<?xml version="1.0" encoding="UTF-8"?>
<!-- Generated by org.testng.reporters.JUnitReportReporter -->
<testsuite skipped="0" hostname="DESKTOP-SFIF1J7" name="com.OrangeHRM.TestCases.A_ForgetPasswordTestCases" tests="4" failures="0" timestamp="2022-04-24T20:25:14 IST" time="9.303" errors="0">
  <testcase name="TestCaselinkfrgtpassword" time="1.880" classname="com.OrangeHRM.TestCases.A_ForgetPasswordTestCases"/>
  <system-out/>
  <testcase name="TestCaseRestvalid" time="1.431" classname="com.OrangeHRM.TestCases.A_ForgetPasswordTestCases"/>
  <system-out/>
  <testcase name="TestCaseRestInvalid" time="1.567" classname="com.OrangeHRM.TestCases.A_ForgetPasswordTestCases"/>
  <system-out/>
  <testcase name="TestCaseRestcancel" time="4.425" classname="com.OrangeHRM.TestCases.A_ForgetPasswordTestCases"/>
  <system-out/>
</testsuite> <!-- com.OrangeHRM.TestCases.A_ForgetPasswordTestCases -->
