<?xml version="1.0" encoding="UTF-8"?>
<!-- Generated by org.testng.reporters.JUnitReportReporter -->
<testsuite skipped="0" hostname="DESKTOP-SFIF1J7" name="com.OrangeHRM.TestCases.B_LogInpageTestCases" tests="2" failures="0" timestamp="2022-04-24T20:25:14 IST" time="7.873" errors="0">
  <testcase name="TestCaseInvalid" time="2.581" classname="com.OrangeHRM.TestCases.B_LogInpageTestCases"/>
  <system-out/>
  <testcase name="TestCaseValid" time="5.292" classname="com.OrangeHRM.TestCases.B_LogInpageTestCases"/>
  <system-out/>
</testsuite> <!-- com.OrangeHRM.TestCases.B_LogInpageTestCases -->
