<?xml version="1.0" encoding="UTF-8"?>
<!-- Generated by org.testng.reporters.JUnitReportReporter -->
<testsuite skipped="0" hostname="DESKTOP-SFIF1J7" name="com.OrangeHRM.TestCases.DashbordTestCases" tests="1" failures="0" timestamp="2022-04-21T00:23:20 IST" time="1.393" errors="0">
  <testcase name="Logout" time="1.393" classname="com.OrangeHRM.TestCases.DashbordTestCases"/>
  <system-out/>
</testsuite> <!-- com.OrangeHRM.TestCases.DashbordTestCases -->
